  cisco practice (10.13.2023).cpp
C:\Program Files\Microsoft Visual Studio\2022\Community\VC\Tools\MSVC\14.37.32822\include\sal.h(2361,12): error C2598: linkage specification must be at global scope
C:\Program Files\Microsoft Visual Studio\2022\Community\VC\Tools\MSVC\14.37.32822\include\concurrencysal.h(22,12): error C2598: linkage specification must be at global scope
C:\Program Files\Microsoft Visual Studio\2022\Community\VC\Tools\MSVC\14.37.32822\include\vadefs.h(51,12): error C2598: linkage specification must be at global scope
C:\Program Files\Microsoft Visual Studio\2022\Community\VC\Tools\MSVC\14.37.32822\include\vadefs.h(173,18): error C2951: template declarations are only permitted at global, namespace, or class scope
C:\Program Files\Microsoft Visual Studio\2022\Community\VC\Tools\MSVC\14.37.32822\include\vadefs.h(179,18): error C2951: template declarations are only permitted at global, namespace, or class scope
C:\Program Files\Microsoft Visual Studio\2022\Community\VC\Tools\MSVC\14.37.32822\include\vadefs.h(185,18): error C2951: template declarations are only permitted at global, namespace, or class scope
C:\Program Files\Microsoft Visual Studio\2022\Community\VC\Tools\MSVC\14.37.32822\include\vadefs.h(191,18): error C2951: template declarations are only permitted at global, namespace, or class scope
C:\Program Files\Microsoft Visual Studio\2022\Community\VC\Tools\MSVC\14.37.32822\include\vcruntime.h(252,18): error C2951: template declarations are only permitted at global, namespace, or class scope
C:\Program Files (x86)\Windows Kits\10\Include\10.0.22621.0\ucrt\corecrt.h(256,13): error C2951: template declarations are only permitted at global, namespace, or class scope
C:\Program Files (x86)\Windows Kits\10\Include\10.0.22621.0\ucrt\corecrt.h(259,13): error C2951: template declarations are only permitted at global, namespace, or class scope
C:\Program Files\Microsoft Visual Studio\2022\Community\VC\Tools\MSVC\14.37.32822\include\vcruntime_new.h(33,15): error C2870: 'std': a namespace definition must appear either at file scope or immediately within another namespace definition
C:\Program Files (x86)\Windows Kits\10\Include\10.0.22621.0\ucrt\crtdbg.h(456,22): error C2143: syntax error: missing ';' before '__cdecl'
C:\Program Files (x86)\Windows Kits\10\Include\10.0.22621.0\ucrt\crtdbg.h(456,22): error C4430: missing type specifier - int assumed. Note: C++ does not support default-int
C:\Program Files (x86)\Windows Kits\10\Include\10.0.22621.0\ucrt\crtdbg.h(462,10): error C4430: missing type specifier - int assumed. Note: C++ does not support default-int
C:\Program Files (x86)\Windows Kits\10\Include\10.0.22621.0\ucrt\crtdbg.h(526,22): error C2143: syntax error: missing ';' before '__cdecl'
C:\Program Files (x86)\Windows Kits\10\Include\10.0.22621.0\ucrt\crtdbg.h(526,22): error C4430: missing type specifier - int assumed. Note: C++ does not support default-int
C:\Program Files (x86)\Windows Kits\10\Include\10.0.22621.0\ucrt\crtdbg.h(532,10): error C4430: missing type specifier - int assumed. Note: C++ does not support default-int
C:\Program Files (x86)\Windows Kits\10\Include\10.0.22621.0\ucrt\crtdbg.h(635,20): error C2061: syntax error: identifier 'va_list'
C:\Program Files (x86)\Windows Kits\10\Include\10.0.22621.0\ucrt\crtdbg.h(645,20): error C2061: syntax error: identifier 'va_list'
C:\Program Files (x86)\Windows Kits\10\Include\10.0.22621.0\ucrt\corecrt_math.h(497,93): error C2061: syntax error: identifier '_locale_t'
C:\Program Files (x86)\Windows Kits\10\Include\10.0.22621.0\ucrt\stddef.h(38,22): error C2143: syntax error: missing ';' before '__cdecl'
C:\Program Files (x86)\Windows Kits\10\Include\10.0.22621.0\ucrt\stddef.h(38,22): error C4430: missing type specifier - int assumed. Note: C++ does not support default-int
C:\Program Files (x86)\Windows Kits\10\Include\10.0.22621.0\ucrt\stddef.h(38,57): error C4430: missing type specifier - int assumed. Note: C++ does not support default-int
C:\Program Files (x86)\Windows Kits\10\Include\10.0.22621.0\ucrt\stddef.h(39,22): error C2143: syntax error: missing ';' before '__cdecl'
C:\Program Files (x86)\Windows Kits\10\Include\10.0.22621.0\ucrt\stddef.h(39,22): error C4430: missing type specifier - int assumed. Note: C++ does not support default-int
C:\Program Files (x86)\Windows Kits\10\Include\10.0.22621.0\ucrt\stddef.h(39,59): error C4430: missing type specifier - int assumed. Note: C++ does not support default-int
C:\Program Files (x86)\Windows Kits\10\Include\10.0.22621.0\ucrt\stddef.h(57,27): error C2143: syntax error: missing ';' before '__cdecl'
C:\Program Files (x86)\Windows Kits\10\Include\10.0.22621.0\ucrt\stddef.h(57,27): error C4430: missing type specifier - int assumed. Note: C++ does not support default-int
C:\Program Files (x86)\Windows Kits\10\Include\10.0.22621.0\ucrt\stddef.h(57,55): error C4430: missing type specifier - int assumed. Note: C++ does not support default-int
C:\Program Files (x86)\Windows Kits\10\Include\10.0.22621.0\ucrt\corecrt_search.h(33,60): error C2061: syntax error: identifier 'rsize_t'
C:\Program Files (x86)\Windows Kits\10\Include\10.0.22621.0\ucrt\corecrt_search.h(41,65): error C2061: syntax error: identifier 'rsize_t'
C:\Program Files (x86)\Windows Kits\10\Include\10.0.22621.0\ucrt\corecrt_wstdlib.h(54,22): error C2143: syntax error: missing ';' before '__cdecl'
C:\Program Files (x86)\Windows Kits\10\Include\10.0.22621.0\ucrt\corecrt_wstdlib.h(54,22): error C4430: missing type specifier - int assumed. Note: C++ does not support default-int
C:\Program Files (x86)\Windows Kits\10\Include\10.0.22621.0\ucrt\corecrt_wstdlib.h(58,10): error C4430: missing type specifier - int assumed. Note: C++ does not support default-int
C:\Program Files (x86)\Windows Kits\10\Include\10.0.22621.0\ucrt\corecrt_wstdlib.h(61,5): error C2988: unrecognizable template declaration/definition
C:\Program Files (x86)\Windows Kits\10\Include\10.0.22621.0\ucrt\corecrt_wstdlib.h(61,5): error C2143: syntax error: missing ';' before '__cdecl'
C:\Program Files (x86)\Windows Kits\10\Include\10.0.22621.0\ucrt\corecrt_wstdlib.h(61,5): error C7525: inline variables require at least '/std:c++17'
C:\Program Files (x86)\Windows Kits\10\Include\10.0.22621.0\ucrt\corecrt_wstdlib.h(61,5): error C4430: missing type specifier - int assumed. Note: C++ does not support default-int
C:\Program Files (x86)\Windows Kits\10\Include\10.0.22621.0\ucrt\corecrt_wstdlib.h(61,5): error C2732: linkage specification contradicts earlier specification for 'errno_t'
C:\Program Files (x86)\Windows Kits\10\Include\10.0.22621.0\ucrt\corecrt_wstdlib.h(61,5): message : see declaration of 'errno_t'
C:\Program Files (x86)\Windows Kits\10\Include\10.0.22621.0\ucrt\corecrt_wstdlib.h(61,5): warning C4273: 'errno_t': inconsistent dll linkage
C:\Program Files (x86)\Windows Kits\10\Include\10.0.22621.0\ucrt\corecrt_wstdlib.h(54,14): message : see previous definition of 'errno_t'
C:\Program Files (x86)\Windows Kits\10\Include\10.0.22621.0\ucrt\corecrt_wstdlib.h(61,5): error C2065: '_Size': undeclared identifier
C:\Program Files (x86)\Windows Kits\10\Include\10.0.22621.0\ucrt\corecrt_wstdlib.h(66,1): error C4430: missing type specifier - int assumed. Note: C++ does not support default-int
C:\Program Files (x86)\Windows Kits\10\Include\10.0.22621.0\ucrt\corecrt_wstdlib.h(61,5): error C2447: '{': missing function header (old-style formal list?)
C:\Program Files (x86)\Windows Kits\10\Include\10.0.22621.0\ucrt\corecrt_wstdlib.h(77,22): error C2988: unrecognizable template declaration/definition
C:\Program Files (x86)\Windows Kits\10\Include\10.0.22621.0\ucrt\corecrt_wstdlib.h(77,22): error C2143: syntax error: missing ';' before '__cdecl'
C:\Program Files (x86)\Windows Kits\10\Include\10.0.22621.0\ucrt\corecrt_wstdlib.h(84,5): error C2988: unrecognizable template declaration/definition
C:\Program Files (x86)\Windows Kits\10\Include\10.0.22621.0\ucrt\corecrt_wstdlib.h(84,5): error C2143: syntax error: missing ';' before '__cdecl'
C:\Program Files (x86)\Windows Kits\10\Include\10.0.22621.0\ucrt\corecrt_wstdlib.h(84,5): error C7525: inline variables require at least '/std:c++17'
C:\Program Files (x86)\Windows Kits\10\Include\10.0.22621.0\ucrt\corecrt_wstdlib.h(84,5): error C4430: missing type specifier - int assumed. Note: C++ does not support default-int
C:\Program Files (x86)\Windows Kits\10\Include\10.0.22621.0\ucrt\corecrt_wstdlib.h(84,5): error C2374: 'errno_t': redefinition; multiple initialization
C:\Program Files (x86)\Windows Kits\10\Include\10.0.22621.0\ucrt\corecrt_wstdlib.h(84,5): error C2065: '_Size': undeclared identifier
C:\Program Files (x86)\Windows Kits\10\Include\10.0.22621.0\ucrt\corecrt_wstdlib.h(89,1): error C4430: missing type specifier - int assumed. Note: C++ does not support default-int
C:\Program Files (x86)\Windows Kits\10\Include\10.0.22621.0\ucrt\corecrt_wstdlib.h(84,5): error C2447: '{': missing function header (old-style formal list?)
C:\Program Files (x86)\Windows Kits\10\Include\10.0.22621.0\ucrt\corecrt_wstdlib.h(99,22): error C2988: unrecognizable template declaration/definition
C:\Program Files (x86)\Windows Kits\10\Include\10.0.22621.0\ucrt\corecrt_wstdlib.h(99,22): error C2143: syntax error: missing ';' before '__cdecl'
C:\Program Files (x86)\Windows Kits\10\Include\10.0.22621.0\ucrt\corecrt_wstdlib.h(106,5): error C2988: unrecognizable template declaration/definition
C:\Program Files (x86)\Windows Kits\10\Include\10.0.22621.0\ucrt\corecrt_wstdlib.h(106,5): error C2143: syntax error: missing ';' before '__cdecl'
C:\Program Files (x86)\Windows Kits\10\Include\10.0.22621.0\ucrt\corecrt_wstdlib.h(106,5): error C7525: inline variables require at least '/std:c++17'
C:\Program Files (x86)\Windows Kits\10\Include\10.0.22621.0\ucrt\corecrt_wstdlib.h(106,5): error C4430: missing type specifier - int assumed. Note: C++ does not support default-int
C:\Program Files (x86)\Windows Kits\10\Include\10.0.22621.0\ucrt\corecrt_wstdlib.h(106,5): error C2374: 'errno_t': redefinition; multiple initialization
C:\Program Files (x86)\Windows Kits\10\Include\10.0.22621.0\ucrt\corecrt_wstdlib.h(106,5): error C2065: '_Size': undeclared identifier
C:\Program Files (x86)\Windows Kits\10\Include\10.0.22621.0\ucrt\corecrt_wstdlib.h(111,1): error C4430: missing type specifier - int assumed. Note: C++ does not support default-int
C:\Program Files (x86)\Windows Kits\10\Include\10.0.22621.0\ucrt\corecrt_wstdlib.h(106,5): error C2447: '{': missing function header (old-style formal list?)
C:\Program Files (x86)\Windows Kits\10\Include\10.0.22621.0\ucrt\corecrt_wstdlib.h(130,34): error C2061: syntax error: identifier '_locale_t'
C:\Program Files (x86)\Windows Kits\10\Include\10.0.22621.0\ucrt\corecrt_wstdlib.h(145,34): error C2061: syntax error: identifier '_locale_t'
C:\Program Files (x86)\Windows Kits\10\Include\10.0.22621.0\ucrt\corecrt_wstdlib.h(160,34): error C2061: syntax error: identifier '_locale_t'
C:\Program Files (x86)\Windows Kits\10\Include\10.0.22621.0\ucrt\corecrt_wstdlib.h(175,34): error C2061: syntax error: identifier '_locale_t'
C:\Program Files (x86)\Windows Kits\10\Include\10.0.22621.0\ucrt\corecrt_wstdlib.h(190,34): error C2061: syntax error: identifier '_locale_t'
C:\Program Files (x86)\Windows Kits\10\Include\10.0.22621.0\ucrt\corecrt_wstdlib.h(203,34): error C2061: syntax error: identifier '_locale_t'
C:\Program Files (x86)\Windows Kits\10\Include\10.0.22621.0\ucrt\corecrt_wstdlib.h(216,34): error C2061: syntax error: identifier '_locale_t'
C:\Program Files (x86)\Windows Kits\10\Include\10.0.22621.0\ucrt\corecrt_wstdlib.h(227,18): error C2061: syntax error: identifier '_locale_t'
C:\Program Files (x86)\Windows Kits\10\Include\10.0.22621.0\ucrt\corecrt_wstdlib.h(238,18): error C2061: syntax error: identifier '_locale_t'
C:\Program Files (x86)\Windows Kits\10\Include\10.0.22621.0\ucrt\corecrt_wstdlib.h(249,18): error C2061: syntax error: identifier '_locale_t'
C:\Program Files (x86)\Windows Kits\10\Include\10.0.22621.0\ucrt\corecrt_wstdlib.h(260,18): error C2061: syntax error: identifier '_locale_t'
C:\Program Files (x86)\Windows Kits\10\Include\10.0.22621.0\ucrt\corecrt_wstdlib.h(264,22): error C2988: unrecognizable template declaration/definition
C:\Program Files (x86)\Windows Kits\10\Include\10.0.22621.0\ucrt\corecrt_wstdlib.h(264,22): error C2143: syntax error: missing ';' before '__cdecl'
C:\Program Files (x86)\Windows Kits\10\Include\10.0.22621.0\ucrt\corecrt_wstdlib.h(279,22): error C2988: unrecognizable template declaration/definition
C:\Program Files (x86)\Windows Kits\10\Include\10.0.22621.0\ucrt\corecrt_wstdlib.h(279,22): error C2143: syntax error: missing ';' before '__cdecl'
C:\Program Files (x86)\Windows Kits\10\Include\10.0.22621.0\ucrt\corecrt_wstdlib.h(301,18): error C2061: syntax error: identifier '_locale_t'
C:\Program Files (x86)\Windows Kits\10\Include\10.0.22621.0\ucrt\corecrt_wstdlib.h(316,34): error C2061: syntax error: identifier '_locale_t'
C:\Program Files (x86)\Windows Kits\10\Include\10.0.22621.0\ucrt\corecrt_wstdlib.h(331,34): error C2061: syntax error: identifier '_locale_t'
C:\Program Files (x86)\Windows Kits\10\Include\10.0.22621.0\ucrt\corecrt_wstdlib.h(348,22): error C2988: unrecognizable template declaration/definition
C:\Program Files (x86)\Windows Kits\10\Include\10.0.22621.0\ucrt\corecrt_wstdlib.h(348,22): error C2143: syntax error: missing ';' before '__cdecl'
C:\Program Files (x86)\Windows Kits\10\Include\10.0.22621.0\ucrt\corecrt_wstdlib.h(357,5): error C2988: unrecognizable template declaration/definition
C:\Program Files (x86)\Windows Kits\10\Include\10.0.22621.0\ucrt\corecrt_wstdlib.h(357,5): error C2143: syntax error: missing ';' before '__cdecl'
C:\Program Files (x86)\Windows Kits\10\Include\10.0.22621.0\ucrt\corecrt_wstdlib.h(357,5): error C7525: inline variables require at least '/std:c++17'
C:\Program Files (x86)\Windows Kits\10\Include\10.0.22621.0\ucrt\corecrt_wstdlib.h(357,5): error C4430: missing type specifier - int assumed. Note: C++ does not support default-int
C:\Program Files (x86)\Windows Kits\10\Include\10.0.22621.0\ucrt\corecrt_wstdlib.h(357,5): error C2374: 'errno_t': redefinition; multiple initialization
C:\Program Files (x86)\Windows Kits\10\Include\10.0.22621.0\ucrt\corecrt_wstdlib.h(357,5): error C2065: '_Size': undeclared identifier
C:\Program Files (x86)\Windows Kits\10\Include\10.0.22621.0\ucrt\corecrt_wstdlib.h(364,1): error C4430: missing type specifier - int assumed. Note: C++ does not support default-int
C:\Program Files (x86)\Windows Kits\10\Include\10.0.22621.0\ucrt\corecrt_wstdlib.h(357,5): error C2447: '{': missing function header (old-style formal list?)
C:\Program Files (x86)\Windows Kits\10\Include\10.0.22621.0\ucrt\corecrt_wstdlib.h(388,22): error C2988: unrecognizable template declaration/definition
C:\Program Files (x86)\Windows Kits\10\Include\10.0.22621.0\ucrt\corecrt_wstdlib.h(388,22): error C2143: syntax error: missing ';' before '__cdecl'
C:\Program Files (x86)\Windows Kits\10\Include\10.0.22621.0\ucrt\corecrt_wstdlib.h(400,5): error C2988: unrecognizable template declaration/definition
C:\Program Files (x86)\Windows Kits\10\Include\10.0.22621.0\ucrt\corecrt_wstdlib.h(400,5): error C2143: syntax error: missing ';' before '__cdecl'
C:\Program Files (x86)\Windows Kits\10\Include\10.0.22621.0\ucrt\corecrt_wstdlib.h(400,5): error C7525: inline variables require at least '/std:c++17'
C:\Program Files (x86)\Windows Kits\10\Include\10.0.22621.0\ucrt\corecrt_wstdlib.h(400,5): error C4430: missing type specifier - int assumed. Note: C++ does not support default-int
C:\Program Files (x86)\Windows Kits\10\Include\10.0.22621.0\ucrt\corecrt_wstdlib.h(400,5): error C2374: 'errno_t': redefinition; multiple initialization
C:\Program Files (x86)\Windows Kits\10\Include\10.0.22621.0\ucrt\corecrt_wstdlib.h(400,5): error C2065: '_DriveSize': undeclared identifier
C:\Program Files (x86)\Windows Kits\10\Include\10.0.22621.0\ucrt\corecrt_wstdlib.h(400,5): error C2065: '_DirSize': undeclared identifier
C:\Program Files (x86)\Windows Kits\10\Include\10.0.22621.0\ucrt\corecrt_wstdlib.h(400,5): error C2065: '_NameSize': undeclared identifier
C:\Program Files (x86)\Windows Kits\10\Include\10.0.22621.0\ucrt\corecrt_wstdlib.h(400,5): error C2065: '_ExtSize': undeclared identifier
C:\Program Files (x86)\Windows Kits\10\Include\10.0.22621.0\ucrt\corecrt_wstdlib.h(403,1): error C4430: missing type specifier - int assumed. Note: C++ does not support default-int
C:\Program Files (x86)\Windows Kits\10\Include\10.0.22621.0\ucrt\corecrt_wstdlib.h(400,5): error C2447: '{': missing function header (old-style formal list?)
C:\Program Files (x86)\Windows Kits\10\Include\10.0.22621.0\ucrt\corecrt_wstdlib.h(409,26): error C2988: unrecognizable template declaration/definition
C:\Program Files (x86)\Windows Kits\10\Include\10.0.22621.0\ucrt\corecrt_wstdlib.h(409,26): error C2143: syntax error: missing ';' before '__cdecl'
C:\Program Files (x86)\Windows Kits\10\Include\10.0.22621.0\ucrt\corecrt_wstdlib.h(424,26): error C2988: unrecognizable template declaration/definition
C:\Program Files (x86)\Windows Kits\10\Include\10.0.22621.0\ucrt\corecrt_wstdlib.h(424,26): error C2143: syntax error: missing ';' before '__cdecl'
C:\Program Files (x86)\Windows Kits\10\Include\10.0.22621.0\ucrt\corecrt_wstdlib.h(431,9): error C2988: unrecognizable template declaration/definition
C:\Program Files (x86)\Windows Kits\10\Include\10.0.22621.0\ucrt\corecrt_wstdlib.h(431,9): error C2143: syntax error: missing ';' before '__cdecl'
C:\Program Files (x86)\Windows Kits\10\Include\10.0.22621.0\ucrt\corecrt_wstdlib.h(431,9): error C7525: inline variables require at least '/std:c++17'
C:\Program Files (x86)\Windows Kits\10\Include\10.0.22621.0\ucrt\corecrt_wstdlib.h(431,9): error C4430: missing type specifier - int assumed. Note: C++ does not support default-int
C:\Program Files (x86)\Windows Kits\10\Include\10.0.22621.0\ucrt\corecrt_wstdlib.h(431,9): error C2374: 'errno_t': redefinition; multiple initialization
C:\Program Files (x86)\Windows Kits\10\Include\10.0.22621.0\ucrt\corecrt_wstdlib.h(431,9): error C2065: '_Size': undeclared identifier
C:\Program Files (x86)\Windows Kits\10\Include\10.0.22621.0\ucrt\corecrt_wstdlib.h(437,1): error C4430: missing type specifier - int assumed. Note: C++ does not support default-int
C:\Program Files (x86)\Windows Kits\10\Include\10.0.22621.0\ucrt\corecrt_wstdlib.h(431,9): error C2447: '{': missing function header (old-style formal list?)
C:\Program Files (x86)\Windows Kits\10\Include\10.0.22621.0\ucrt\corecrt_wstdlib.h(445,26): error C2988: unrecognizable template declaration/definition
C:\Program Files (x86)\Windows Kits\10\Include\10.0.22621.0\ucrt\corecrt_wstdlib.h(445,26): fatal  error C1003: error count exceeds 100; stopping compilation
